<?xml version="1.0" encoding="UTF-8"?>
<testng-results ignored="0" total="1" passed="1" failed="0" skipped="0">
  <reporter-output>
  </reporter-output>
  <suite started-at="2022-08-18T22:57:40 AST" name="Default suite" finished-at="2022-08-18T22:59:58 AST" duration-ms="138336">
    <groups>
    </groups>
    <test started-at="2022-08-18T22:57:40 AST" name="Default test" finished-at="2022-08-18T22:59:58 AST" duration-ms="138336">
      <class name="lookOverNasa.LookOverNasa">
        <test-method is-config="true" signature="beforeSuite()[pri:0, instance:lookOverNasa.LookOverNasa@6b26e945]" started-at="2022-08-18T22:57:40 AST" name="beforeSuite" finished-at="2022-08-18T22:57:40 AST" duration-ms="8" status="PASS">
          <reporter-output>
          </reporter-output>
        </test-method> <!-- beforeSuite -->
        <test-method is-config="true" signature="beforeTest()[pri:0, instance:lookOverNasa.LookOverNasa@6b26e945]" started-at="2022-08-18T22:57:40 AST" name="beforeTest" finished-at="2022-08-18T22:57:40 AST" duration-ms="2" status="PASS">
          <reporter-output>
          </reporter-output>
        </test-method> <!-- beforeTest -->
        <test-method is-config="true" signature="beforeClass()[pri:0, instance:lookOverNasa.LookOverNasa@6b26e945]" started-at="2022-08-18T22:57:40 AST" name="beforeClass" finished-at="2022-08-18T22:57:47 AST" duration-ms="7243" status="PASS">
          <reporter-output>
          </reporter-output>
        </test-method> <!-- beforeClass -->
        <test-method is-config="true" signature="beforeMethod()[pri:0, instance:lookOverNasa.LookOverNasa@6b26e945]" started-at="2022-08-18T22:57:47 AST" name="beforeMethod" finished-at="2022-08-18T22:57:47 AST" duration-ms="1" status="PASS">
          <reporter-output>
          </reporter-output>
        </test-method> <!-- beforeMethod -->
        <test-method signature="lookOverNasa()[pri:0, instance:lookOverNasa.LookOverNasa@6b26e945]" started-at="2022-08-18T22:57:47 AST" name="lookOverNasa" finished-at="2022-08-18T22:59:58 AST" duration-ms="130667" status="PASS">
          <reporter-output>
          </reporter-output>
        </test-method> <!-- lookOverNasa -->
        <test-method is-config="true" signature="afterMethod()[pri:0, instance:lookOverNasa.LookOverNasa@6b26e945]" started-at="2022-08-18T22:59:58 AST" name="afterMethod" finished-at="2022-08-18T22:59:58 AST" duration-ms="0" status="PASS">
          <reporter-output>
          </reporter-output>
        </test-method> <!-- afterMethod -->
        <test-method is-config="true" signature="afterClass()[pri:0, instance:lookOverNasa.LookOverNasa@6b26e945]" started-at="2022-08-18T22:59:58 AST" name="afterClass" finished-at="2022-08-18T22:59:58 AST" duration-ms="376" status="PASS">
          <reporter-output>
          </reporter-output>
        </test-method> <!-- afterClass -->
        <test-method is-config="true" signature="afterTest()[pri:0, instance:lookOverNasa.LookOverNasa@6b26e945]" started-at="2022-08-18T22:59:58 AST" name="afterTest" finished-at="2022-08-18T22:59:58 AST" duration-ms="1" status="PASS">
          <reporter-output>
          </reporter-output>
        </test-method> <!-- afterTest -->
        <test-method is-config="true" signature="afterSuite()[pri:0, instance:lookOverNasa.LookOverNasa@6b26e945]" started-at="2022-08-18T22:59:58 AST" name="afterSuite" finished-at="2022-08-18T22:59:58 AST" duration-ms="0" status="PASS">
          <reporter-output>
          </reporter-output>
        </test-method> <!-- afterSuite -->
      </class> <!-- lookOverNasa.LookOverNasa -->
    </test> <!-- Default test -->
  </suite> <!-- Default suite -->
</testng-results>
